<?xml version="1.0" encoding="UTF-8"?>
<testng-results skipped="0" failed="0" ignored="0" total="1" passed="1">
  <reporter-output>
  </reporter-output>
  <suite name="Suite" duration-ms="14528" started-at="2017-05-09T11:08:30Z" finished-at="2017-05-09T11:08:45Z">
    <groups>
      <group name="smoke">
        <method signature="CreateLeadWrappers.createLead(java.lang.String, java.lang.String, java.lang.String)[pri:0, instance:testcases.CreateLeadWrappers@b0338]" name="createLead" class="testcases.CreateLeadWrappers"/>
      </group> <!-- smoke -->
    </groups>
    <test name="Test" duration-ms="14528" started-at="2017-05-09T11:08:30Z" finished-at="2017-05-09T11:08:45Z">
      <class name="testcases.CreateLeadWrappers">
        <test-method status="PASS" signature="beforeSuite()[pri:0, instance:testcases.CreateLeadWrappers@b0338]" name="beforeSuite" is-config="true" duration-ms="7" started-at="2017-05-09T16:38:30Z" finished-at="2017-05-09T16:38:30Z">
          <reporter-output>
          </reporter-output>
        </test-method> <!-- beforeSuite -->
        <test-method status="PASS" signature="beforeTest()[pri:0, instance:testcases.CreateLeadWrappers@b0338]" name="beforeTest" is-config="true" duration-ms="0" started-at="2017-05-09T16:38:30Z" finished-at="2017-05-09T16:38:30Z">
          <reporter-output>
          </reporter-output>
        </test-method> <!-- beforeTest -->
        <test-method status="PASS" signature="beforeClass()[pri:0, instance:testcases.CreateLeadWrappers@b0338]" name="beforeClass" is-config="true" duration-ms="0" started-at="2017-05-09T16:38:30Z" finished-at="2017-05-09T16:38:30Z">
          <reporter-output>
          </reporter-output>
        </test-method> <!-- beforeClass -->
        <test-method status="PASS" signature="login()[pri:0, instance:testcases.CreateLeadWrappers@b0338]" name="login" is-config="true" duration-ms="10605" started-at="2017-05-09T16:38:30Z" finished-at="2017-05-09T16:38:41Z">
          <reporter-output>
          </reporter-output>
        </test-method> <!-- login -->
        <test-method status="PASS" signature="createLead(java.lang.String, java.lang.String, java.lang.String)[pri:0, instance:testcases.CreateLeadWrappers@b0338]" name="createLead" duration-ms="3904" started-at="2017-05-09T16:38:41Z" data-provider="abc" finished-at="2017-05-09T16:38:45Z">
          <params>
            <param index="0">
              <value>
                <![CDATA[Google Inc]]>
              </value>
            </param>
            <param index="1">
              <value>
                <![CDATA[object]]>
              </value>
            </param>
            <param index="2">
              <value>
                <![CDATA[Class]]>
              </value>
            </param>
          </params>
          <reporter-output>
          </reporter-output>
        </test-method> <!-- createLead -->
        <test-method status="PASS" signature="afterMethod()[pri:0, instance:testcases.CreateLeadWrappers@b0338]" name="afterMethod" is-config="true" duration-ms="1" started-at="2017-05-09T16:38:45Z" finished-at="2017-05-09T16:38:45Z">
          <reporter-output>
          </reporter-output>
        </test-method> <!-- afterMethod -->
        <test-method status="PASS" signature="afterClass()[pri:0, instance:testcases.CreateLeadWrappers@b0338]" name="afterClass" is-config="true" duration-ms="0" started-at="2017-05-09T16:38:45Z" finished-at="2017-05-09T16:38:45Z">
          <reporter-output>
          </reporter-output>
        </test-method> <!-- afterClass -->
        <test-method status="PASS" signature="afterTest()[pri:0, instance:testcases.CreateLeadWrappers@b0338]" name="afterTest" is-config="true" duration-ms="0" started-at="2017-05-09T16:38:45Z" finished-at="2017-05-09T16:38:45Z">
          <reporter-output>
          </reporter-output>
        </test-method> <!-- afterTest -->
        <test-method status="PASS" signature="afterSuite()[pri:0, instance:testcases.CreateLeadWrappers@b0338]" name="afterSuite" is-config="true" duration-ms="1" started-at="2017-05-09T16:38:45Z" finished-at="2017-05-09T16:38:45Z">
          <reporter-output>
          </reporter-output>
        </test-method> <!-- afterSuite -->
      </class> <!-- testcases.CreateLeadWrappers -->
    </test> <!-- Test -->
  </suite> <!-- Suite -->
</testng-results>
