<?xml version="1.0" encoding="UTF-8"?>
<!-- Generated by org.testng.reporters.JUnitXMLReporter -->
<testsuite hostname="CHN194" ignored="4" name="Leads" tests="6" failures="0" timestamp="13 Jun 2017 06:27:04 GMT" time="36.506" errors="0">
  <testcase name="login" time="1.718" classname="testcases.TC002_LoginFailure"/>
  <testcase name="login" time="2.314" classname="testcases.TC001_Login"/>
  <testcase name="login" time="1.639" classname="testcases.TC002_LoginFailure"/>
  <testcase name="login" time="1.818" classname="testcases.TC001_Login"/>
  <testcase name="login" time="1.431" classname="testcases.TC002_LoginFailure"/>
  <testcase name="login" time="1.445" classname="testcases.TC002_LoginFailure"/>
  <testcase name="@BeforeTest beforeTest" time="0.0" classname="wrappers.LeafTapsWrappers">
    <ignored/>
  </testcase> <!-- @BeforeTest beforeTest -->
  <testcase name="@AfterSuite afterSuite" time="0.0" classname="wrappers.LeafTapsWrappers">
    <ignored/>
  </testcase> <!-- @AfterSuite afterSuite -->
  <testcase name="@BeforeSuite beforeSuite" time="0.0" classname="wrappers.LeafTapsWrappers">
    <ignored/>
  </testcase> <!-- @BeforeSuite beforeSuite -->
  <testcase name="@AfterTest afterTest" time="0.0" classname="wrappers.LeafTapsWrappers">
    <ignored/>
  </testcase> <!-- @AfterTest afterTest -->
</testsuite> <!-- Leads -->
